2015/07/16 00:07:26 [error] [exception.CException] exception 'CException' with message 'Property "CUrlManager.showScripName" is not defined.' in C:\AppServ\www\yii\framework\base\CComponent.php:173
Stack trace:
#0 C:\AppServ\www\yii\framework\YiiBase.php(220): CComponent->__set('showScripName', false)
#1 C:\AppServ\www\yii\framework\base\CModule.php(393): YiiBase::createComponent(Array)
#2 C:\AppServ\www\yii\framework\base\CApplication.php(530): CModule->getComponent('urlManager')
#3 C:\AppServ\www\yii\framework\web\CWebApplication.php(140): CApplication->getUrlManager()
#4 C:\AppServ\www\yii\framework\base\CApplication.php(184): CWebApplication->processRequest()
#5 C:\AppServ\www\sol\index.php(13): CApplication->run()
#6 {main}
REQUEST_URI=/sol/index.php?r=site/login
HTTP_REFERER=http://localhost/sol/index.php?r=site/contact
---
2015/07/16 00:07:45 [error] [exception.CException] exception 'CException' with message 'Property "CUrlManager.showScripName" is not defined.' in C:\AppServ\www\yii\framework\base\CComponent.php:173
Stack trace:
#0 C:\AppServ\www\yii\framework\YiiBase.php(220): CComponent->__set('showScripName', false)
#1 C:\AppServ\www\yii\framework\base\CModule.php(393): YiiBase::createComponent(Array)
#2 C:\AppServ\www\yii\framework\base\CApplication.php(530): CModule->getComponent('urlManager')
#3 C:\AppServ\www\yii\framework\web\CWebApplication.php(140): CApplication->getUrlManager()
#4 C:\AppServ\www\yii\framework\base\CApplication.php(184): CWebApplication->processRequest()
#5 C:\AppServ\www\sol\index.php(13): CApplication->run()
#6 {main}
REQUEST_URI=/sol/index.php?r=site/login
HTTP_REFERER=http://localhost/sol/index.php?r=site/contact
---
2015/07/16 00:11:54 [error] [exception.CHttpException.404] exception 'CHttpException' with message 'The system is unable to find the requested action "index.html".' in C:\AppServ\www\yii\framework\web\CController.php:483
Stack trace:
#0 C:\AppServ\www\yii\framework\web\CController.php(270): CController->missingAction('index.html')
#1 C:\AppServ\www\yii\framework\web\CWebApplication.php(282): CController->run('index.html')
#2 C:\AppServ\www\yii\framework\web\CWebApplication.php(141): CWebApplication->runController('site/index.html')
#3 C:\AppServ\www\yii\framework\base\CApplication.php(184): CWebApplication->processRequest()
#4 C:\AppServ\www\sol\index.php(13): CApplication->run()
#5 {main}
REQUEST_URI=/sol/index.php/site/index.html
HTTP_REFERER=http://localhost/sol/index.php/site/login.html
---
2015/07/16 00:12:08 [error] [exception.CHttpException.404] exception 'CHttpException' with message 'The system is unable to find the requested action "index.html".' in C:\AppServ\www\yii\framework\web\CController.php:483
Stack trace:
#0 C:\AppServ\www\yii\framework\web\CController.php(270): CController->missingAction('index.html')
#1 C:\AppServ\www\yii\framework\web\CWebApplication.php(282): CController->run('index.html')
#2 C:\AppServ\www\yii\framework\web\CWebApplication.php(141): CWebApplication->runController('site/index.html')
#3 C:\AppServ\www\yii\framework\base\CApplication.php(184): CWebApplication->processRequest()
#4 C:\AppServ\www\sol\index.php(13): CApplication->run()
#5 {main}
REQUEST_URI=/sol/index.php/site/index.html
HTTP_REFERER=http://localhost/sol/index.php/site/login.html
---
2015/07/16 01:18:08 [error] [exception.CDbException] exception 'CDbException' with message 'CDbConnection failed to open the DB connection: could not find driver' in C:\AppServ\www\yii\framework\db\CDbConnection.php:399
Stack trace:
#0 C:\AppServ\www\yii\framework\db\CDbConnection.php(347): CDbConnection->open()
#1 C:\AppServ\www\yii\framework\db\CDbConnection.php(325): CDbConnection->setActive(true)
#2 C:\AppServ\www\yii\framework\base\CModule.php(394): CDbConnection->init()
#3 C:\AppServ\www\yii\framework\base\CApplication.php(458): CModule->getComponent('db')
#4 C:\AppServ\www\yii\framework\db\ar\CActiveRecord.php(637): CApplication->getDb()
#5 C:\AppServ\www\yii\framework\db\ar\CActiveRecord.php(670): CActiveRecord->getDbConnection()
#6 C:\AppServ\www\yii\framework\db\ar\CActiveRecord.php(1474): CActiveRecord->getCommandBuilder()
#7 C:\AppServ\www\sol\protected\controllers\AdminController.php(6): CActiveRecord->findAll()
#8 C:\AppServ\www\yii\framework\web\actions\CInlineAction.php(49): AdminController->actionindex()
#9 C:\AppServ\www\yii\framework\web\CController.php(308): CInlineAction->runWithParams(Array)
#10 C:\AppServ\www\yii\framework\web\CController.php(286): CController->runAction(Object(CInlineAction))
#11 C:\AppServ\www\yii\framework\web\CController.php(265): CController->runActionWithFilters(Object(CInlineAction), Array)
#12 C:\AppServ\www\yii\framework\web\CWebApplication.php(282): CController->run('index')
#13 C:\AppServ\www\yii\framework\web\CWebApplication.php(141): CWebApplication->runController('admin/index')
#14 C:\AppServ\www\yii\framework\base\CApplication.php(184): CWebApplication->processRequest()
#15 C:\AppServ\www\sol\index.php(13): CApplication->run()
#16 {main}
REQUEST_URI=/sol/index.php/admin/index.html
---
2015/07/16 01:19:21 [error] [exception.CDbException] exception 'CDbException' with message 'CDbConnection failed to open the DB connection: could not find driver' in C:\AppServ\www\yii\framework\db\CDbConnection.php:399
Stack trace:
#0 C:\AppServ\www\yii\framework\db\CDbConnection.php(347): CDbConnection->open()
#1 C:\AppServ\www\yii\framework\db\CDbConnection.php(325): CDbConnection->setActive(true)
#2 C:\AppServ\www\yii\framework\base\CModule.php(394): CDbConnection->init()
#3 C:\AppServ\www\yii\framework\base\CApplication.php(458): CModule->getComponent('db')
#4 C:\AppServ\www\yii\framework\db\ar\CActiveRecord.php(637): CApplication->getDb()
#5 C:\AppServ\www\yii\framework\db\ar\CActiveRecord.php(670): CActiveRecord->getDbConnection()
#6 C:\AppServ\www\yii\framework\db\ar\CActiveRecord.php(1474): CActiveRecord->getCommandBuilder()
#7 C:\AppServ\www\sol\protected\controllers\AdminController.php(6): CActiveRecord->findAll()
#8 C:\AppServ\www\yii\framework\web\actions\CInlineAction.php(49): AdminController->actionindex()
#9 C:\AppServ\www\yii\framework\web\CController.php(308): CInlineAction->runWithParams(Array)
#10 C:\AppServ\www\yii\framework\web\CController.php(286): CController->runAction(Object(CInlineAction))
#11 C:\AppServ\www\yii\framework\web\CController.php(265): CController->runActionWithFilters(Object(CInlineAction), Array)
#12 C:\AppServ\www\yii\framework\web\CWebApplication.php(282): CController->run('index')
#13 C:\AppServ\www\yii\framework\web\CWebApplication.php(141): CWebApplication->runController('admin/index')
#14 C:\AppServ\www\yii\framework\base\CApplication.php(184): CWebApplication->processRequest()
#15 C:\AppServ\www\sol\index.php(13): CApplication->run()
#16 {main}
REQUEST_URI=/sol/index.php/admin/index.html
---
2015/07/16 02:00:26 [error] [exception.CHttpException.404] exception 'CHttpException' with message 'Unable to resolve the request "gii".' in C:\AppServ\www\yii\framework\web\CWebApplication.php:286
Stack trace:
#0 C:\AppServ\www\yii\framework\web\CWebApplication.php(141): CWebApplication->runController('gii')
#1 C:\AppServ\www\yii\framework\base\CApplication.php(184): CWebApplication->processRequest()
#2 C:\AppServ\www\sol\index.php(13): CApplication->run()
#3 {main}
REQUEST_URI=/sol/index.php/gii
---
2015/07/16 02:00:49 [error] [exception.CHttpException.404] exception 'CHttpException' with message 'Unable to resolve the request "r=gii".' in C:\AppServ\www\yii\framework\web\CWebApplication.php:286
Stack trace:
#0 C:\AppServ\www\yii\framework\web\CWebApplication.php(141): CWebApplication->runController('r=gii')
#1 C:\AppServ\www\yii\framework\base\CApplication.php(184): CWebApplication->processRequest()
#2 C:\AppServ\www\sol\index.php(13): CApplication->run()
#3 {main}
REQUEST_URI=/sol/index.php/r=gii
---
2015/07/16 02:01:14 [error] [exception.CHttpException.404] exception 'CHttpException' with message 'Unable to resolve the request "r=gii".' in C:\AppServ\www\yii\framework\web\CWebApplication.php:286
Stack trace:
#0 C:\AppServ\www\yii\framework\web\CWebApplication.php(141): CWebApplication->runController('r=gii')
#1 C:\AppServ\www\yii\framework\base\CApplication.php(184): CWebApplication->processRequest()
#2 C:\AppServ\www\sol\index.php(13): CApplication->run()
#3 {main}
REQUEST_URI=/sol/index.php/r=gii
---
